<?xml version="1.0" encoding="UTF-8"?>
<testng-results total="1" passed="1" failed="0" skipped="0">
  <reporter-output>
  </reporter-output>
  <suite started-at="2020-09-13T09:28:24Z" name="Suite" finished-at="2020-09-13T09:29:31Z" duration-ms="66941">
    <groups>
      <group name="cucumber">
        <method signature="AbstractTestNGCucumberTests.feature(cucumber.api.testng.CucumberFeatureWrapper)[pri:0, instance:runner.ExecuteTestRunner@7ea37dbf]" name="feature" class="cucumber.api.testng.AbstractTestNGCucumberTests"/>
      </group> <!-- cucumber -->
    </groups>
    <test started-at="2020-09-13T09:28:24Z" name="Test" finished-at="2020-09-13T09:29:31Z" duration-ms="66941">
      <class name="runner.ExecuteTestRunner">
        <test-method is-config="true" signature="setUpClass()[pri:0, instance:runner.ExecuteTestRunner@7ea37dbf]" started-at="2020-09-13T14:58:24Z" name="setUpClass" finished-at="2020-09-13T14:58:24Z" duration-ms="625" status="PASS">
          <reporter-output>
          </reporter-output>
        </test-method> <!-- setUpClass -->
        <test-method signature="feature(cucumber.api.testng.CucumberFeatureWrapper)[pri:0, instance:runner.ExecuteTestRunner@7ea37dbf]" started-at="2020-09-13T14:58:24Z" name="feature" description="Runs Cucumber Feature" data-provider="features" finished-at="2020-09-13T14:59:30Z" duration-ms="65213" status="PASS">
          <params>
            <param index="0">
              <value>
                <![CDATA[Verifying End to End checkout flow for purchasing "Pillow"]]>
              </value>
            </param>
          </params>
          <reporter-output>
          </reporter-output>
        </test-method> <!-- feature -->
        <test-method is-config="true" signature="writeExtentReport()[pri:0, instance:runner.ExecuteTestRunner@7ea37dbf]" started-at="2020-09-13T14:59:30Z" name="writeExtentReport" finished-at="2020-09-13T14:59:30Z" duration-ms="82" status="PASS">
          <reporter-output>
          </reporter-output>
        </test-method> <!-- writeExtentReport -->
        <test-method is-config="true" signature="tearDownClass()[pri:0, instance:runner.ExecuteTestRunner@7ea37dbf]" started-at="2020-09-13T14:59:30Z" name="tearDownClass" finished-at="2020-09-13T14:59:31Z" duration-ms="769" status="PASS">
          <reporter-output>
          </reporter-output>
        </test-method> <!-- tearDownClass -->
      </class> <!-- runner.ExecuteTestRunner -->
    </test> <!-- Test -->
  </suite> <!-- Suite -->
</testng-results>
